App load time: 701ms
auto-updater is not implemented on this platform
Error: auto-updater is not implemented on this platform
    at Object.<anonymous> (/usr/local/share/atom/resources/atom.asar/browser/api/lib/auto-updater.js:11:13)
    at Object.<anonymous> (/usr/local/share/atom/resources/atom.asar/browser/api/lib/auto-updater.js:14:4)
    at Module._compile (module.js:434:26)
    at Object.defineProperty.value [as .js] (/usr/local/share/atom/resources/app.asar/src/compile-cache.js:208:21)
    at Module.load (module.js:355:32)
    at Function.Module._load (module.js:310:12)
    at Module.require (module.js:365:17)
    at require (module.js:384:17)
    at AutoUpdateManager.module.exports.AutoUpdateManager.setupAutoUpdater (/usr/local/share/atom/resources/app.asar/src/browser/auto-update-manager.js:62:23)
    at /usr/local/share/atom/resources/app.asar/src/browser/auto-update-manager.js:53:24
    at doNTCallback0 (node.js:419:9)
    at process._tickCallback (node.js:348:13)
Cannot read property 'length' of undefined
TypeError: Cannot read property 'length' of undefined
    at AtomApplication.<anonymous> (/usr/local/share/atom/resources/app.asar/src/browser/atom-application.js:648:40)
    at AtomApplication.module.exports.AtomApplication.openPaths (/usr/local/share/atom/resources/app.asar/src/browser/atom-application.js:653:10)
    at /usr/local/share/atom/resources/app.asar/src/browser/atom-application.js:970:24
    at Function.wrappedCallback (/usr/local/share/atom/resources/atom.asar/browser/api/lib/dialog.js:82:16)
Cannot read property 'length' of undefined
TypeError: Cannot read property 'length' of undefined
    at AtomApplication.<anonymous> (/usr/local/share/atom/resources/app.asar/src/browser/atom-application.js:648:40)
    at AtomApplication.module.exports.AtomApplication.openPaths (/usr/local/share/atom/resources/app.asar/src/browser/atom-application.js:653:10)
    at /usr/local/share/atom/resources/app.asar/src/browser/atom-application.js:970:24
    at Function.wrappedCallback (/usr/local/share/atom/resources/atom.asar/browser/api/lib/dialog.js:82:16)
